This file contains any messages produced by compilers while
running configure, to aid debugging if configure makes a mistake.

It was created by libvmod-hiring configure trunk, which was
generated by GNU Autoconf 2.69.  Invocation command line was

  $ ./configure --no-create --no-recursion

## --------- ##
## Platform. ##
## --------- ##

hostname = ubuntu
uname -m = x86_64
uname -r = 4.4.0-98-generic
uname -s = Linux
uname -v = #121-Ubuntu SMP Tue Oct 10 14:24:03 UTC 2017

/usr/bin/uname -p = unknown
/bin/uname -X     = unknown

/bin/arch              = unknown
/usr/bin/arch -k       = unknown
/usr/convex/getsysinfo = unknown
/usr/bin/hostinfo      = unknown
/bin/machine           = unknown
/usr/bin/oslevel       = unknown
/bin/universe          = unknown

PATH: /home/suraj/venv/bin
PATH: /home/suraj/bin
PATH: /home/suraj/.local/bin
PATH: /usr/local/sbin
PATH: /usr/local/bin
PATH: /usr/sbin
PATH: /usr/bin
PATH: /sbin
PATH: /bin
PATH: /usr/games
PATH: /usr/local/games
PATH: /snap/bin


## ----------- ##
## Core tests. ##
## ----------- ##

configure:2310: checking build system type
configure:2324: result: x86_64-pc-linux-gnu
configure:2344: checking host system type
configure:2357: result: x86_64-pc-linux-gnu
configure:2377: checking target system type
configure:2390: result: x86_64-pc-linux-gnu
configure:2440: checking for a BSD-compatible install
configure:2508: result: /usr/bin/install -c
configure:2519: checking whether build environment is sane
configure:2574: result: yes
configure:2725: checking for a thread-safe mkdir -p
configure:2764: result: /bin/mkdir -p
configure:2771: checking for gawk
configure:2801: result: no
configure:2771: checking for mawk
configure:2787: found /usr/bin/mawk
configure:2798: result: mawk
configure:2809: checking whether make sets $(MAKE)
configure:2831: result: yes
configure:2860: checking whether make supports nested variables
configure:2877: result: yes
configure:3016: checking for style of include used by make
configure:3044: result: GNU
configure:3115: checking for gcc
configure:3131: found /usr/bin/gcc
configure:3142: result: gcc
configure:3371: checking for C compiler version
configure:3380: gcc --version >&5
gcc (Ubuntu 5.4.0-6ubuntu1~16.04.4) 5.4.0 20160609
Copyright (C) 2015 Free Software Foundation, Inc.
This is free software; see the source for copying conditions.  There is NO
warranty; not even for MERCHANTABILITY or FITNESS FOR A PARTICULAR PURPOSE.

configure:3391: $? = 0
configure:3380: gcc -v >&5
Using built-in specs.
COLLECT_GCC=gcc
COLLECT_LTO_WRAPPER=/usr/lib/gcc/x86_64-linux-gnu/5/lto-wrapper
Target: x86_64-linux-gnu
Configured with: ../src/configure -v --with-pkgversion='Ubuntu 5.4.0-6ubuntu1~16.04.4' --with-bugurl=file:///usr/share/doc/gcc-5/README.Bugs --enable-languages=c,ada,c++,java,go,d,fortran,objc,obj-c++ --prefix=/usr --program-suffix=-5 --enable-shared --enable-linker-build-id --libexecdir=/usr/lib --without-included-gettext --enable-threads=posix --libdir=/usr/lib --enable-nls --with-sysroot=/ --enable-clocale=gnu --enable-libstdcxx-debug --enable-libstdcxx-time=yes --with-default-libstdcxx-abi=new --enable-gnu-unique-object --disable-vtable-verify --enable-libmpx --enable-plugin --with-system-zlib --disable-browser-plugin --enable-java-awt=gtk --enable-gtk-cairo --with-java-home=/usr/lib/jvm/java-1.5.0-gcj-5-amd64/jre --enable-java-home --with-jvm-root-dir=/usr/lib/jvm/java-1.5.0-gcj-5-amd64 --with-jvm-jar-dir=/usr/lib/jvm-exports/java-1.5.0-gcj-5-amd64 --with-arch-directory=amd64 --with-ecj-jar=/usr/share/java/eclipse-ecj.jar --enable-objc-gc --enable-multiarch --disable-werror --with-arch-32=i686 --with-abi=m64 --with-multilib-list=m32,m64,mx32 --enable-multilib --with-tune=generic --enable-checking=release --build=x86_64-linux-gnu --host=x86_64-linux-gnu --target=x86_64-linux-gnu
Thread model: posix
gcc version 5.4.0 20160609 (Ubuntu 5.4.0-6ubuntu1~16.04.4) 
configure:3391: $? = 0
configure:3380: gcc -V >&5
gcc: error: unrecognized command line option '-V'
gcc: fatal error: no input files
compilation terminated.
configure:3391: $? = 1
configure:3380: gcc -qversion >&5
gcc: error: unrecognized command line option '-qversion'
gcc: fatal error: no input files
compilation terminated.
configure:3391: $? = 1
configure:3411: checking whether the C compiler works
configure:3433: gcc    conftest.c  >&5
configure:3437: $? = 0
configure:3485: result: yes
configure:3488: checking for C compiler default output file name
configure:3490: result: a.out
configure:3496: checking for suffix of executables
configure:3503: gcc -o conftest    conftest.c  >&5
configure:3507: $? = 0
configure:3529: result: 
configure:3551: checking whether we are cross compiling
configure:3559: gcc -o conftest    conftest.c  >&5
configure:3563: $? = 0
configure:3570: ./conftest
configure:3574: $? = 0
configure:3589: result: no
configure:3594: checking for suffix of object files
configure:3616: gcc -c   conftest.c >&5
configure:3620: $? = 0
configure:3641: result: o
configure:3645: checking whether we are using the GNU C compiler
configure:3664: gcc -c   conftest.c >&5
configure:3664: $? = 0
configure:3673: result: yes
configure:3682: checking whether gcc accepts -g
configure:3702: gcc -c -g  conftest.c >&5
configure:3702: $? = 0
configure:3743: result: yes
configure:3760: checking for gcc option to accept ISO C89
configure:3823: gcc  -c -g -O2  conftest.c >&5
configure:3823: $? = 0
configure:3836: result: none needed
configure:3861: checking whether gcc understands -c and -o together
configure:3883: gcc -c conftest.c -o conftest2.o
configure:3886: $? = 0
configure:3883: gcc -c conftest.c -o conftest2.o
configure:3886: $? = 0
configure:3898: result: yes
configure:3917: checking dependency style of gcc
configure:4028: result: gcc3
configure:4049: checking how to run the C preprocessor
configure:4080: gcc -E  conftest.c
configure:4080: $? = 0
configure:4094: gcc -E  conftest.c
conftest.c:11:28: fatal error: ac_nonexistent.h: No such file or directory
compilation terminated.
configure:4094: $? = 1
configure: failed program was:
| /* confdefs.h */
| #define PACKAGE_NAME "libvmod-hiring"
| #define PACKAGE_TARNAME "libvmod-hiring"
| #define PACKAGE_VERSION "trunk"
| #define PACKAGE_STRING "libvmod-hiring trunk"
| #define PACKAGE_BUGREPORT ""
| #define PACKAGE_URL ""
| #define PACKAGE "libvmod-hiring"
| #define VERSION "trunk"
| /* end confdefs.h.  */
| #include <ac_nonexistent.h>
configure:4119: result: gcc -E
configure:4139: gcc -E  conftest.c
configure:4139: $? = 0
configure:4153: gcc -E  conftest.c
conftest.c:11:28: fatal error: ac_nonexistent.h: No such file or directory
compilation terminated.
configure:4153: $? = 1
configure: failed program was:
| /* confdefs.h */
| #define PACKAGE_NAME "libvmod-hiring"
| #define PACKAGE_TARNAME "libvmod-hiring"
| #define PACKAGE_VERSION "trunk"
| #define PACKAGE_STRING "libvmod-hiring trunk"
| #define PACKAGE_BUGREPORT ""
| #define PACKAGE_URL ""
| #define PACKAGE "libvmod-hiring"
| #define VERSION "trunk"
| /* end confdefs.h.  */
| #include <ac_nonexistent.h>
configure:4182: checking for grep that handles long lines and -e
configure:4240: result: /bin/grep
configure:4245: checking for egrep
configure:4307: result: /bin/grep -E
configure:4312: checking for ANSI C header files
configure:4332: gcc -c -g -O2  conftest.c >&5
configure:4332: $? = 0
configure:4405: gcc -o conftest -g -O2   conftest.c  >&5
configure:4405: $? = 0
configure:4405: ./conftest
configure:4405: $? = 0
configure:4416: result: yes
configure:4429: checking for sys/types.h
configure:4429: gcc -c -g -O2  conftest.c >&5
configure:4429: $? = 0
configure:4429: result: yes
configure:4429: checking for sys/stat.h
configure:4429: gcc -c -g -O2  conftest.c >&5
configure:4429: $? = 0
configure:4429: result: yes
configure:4429: checking for stdlib.h
configure:4429: gcc -c -g -O2  conftest.c >&5
configure:4429: $? = 0
configure:4429: result: yes
configure:4429: checking for string.h
configure:4429: gcc -c -g -O2  conftest.c >&5
configure:4429: $? = 0
configure:4429: result: yes
configure:4429: checking for memory.h
configure:4429: gcc -c -g -O2  conftest.c >&5
configure:4429: $? = 0
configure:4429: result: yes
configure:4429: checking for strings.h
configure:4429: gcc -c -g -O2  conftest.c >&5
configure:4429: $? = 0
configure:4429: result: yes
configure:4429: checking for inttypes.h
configure:4429: gcc -c -g -O2  conftest.c >&5
configure:4429: $? = 0
configure:4429: result: yes
configure:4429: checking for stdint.h
configure:4429: gcc -c -g -O2  conftest.c >&5
configure:4429: $? = 0
configure:4429: result: yes
configure:4429: checking for unistd.h
configure:4429: gcc -c -g -O2  conftest.c >&5
configure:4429: $? = 0
configure:4429: result: yes
configure:4442: checking minix/config.h usability
configure:4442: gcc -c -g -O2  conftest.c >&5
conftest.c:54:26: fatal error: minix/config.h: No such file or directory
compilation terminated.
configure:4442: $? = 1
configure: failed program was:
| /* confdefs.h */
| #define PACKAGE_NAME "libvmod-hiring"
| #define PACKAGE_TARNAME "libvmod-hiring"
| #define PACKAGE_VERSION "trunk"
| #define PACKAGE_STRING "libvmod-hiring trunk"
| #define PACKAGE_BUGREPORT ""
| #define PACKAGE_URL ""
| #define PACKAGE "libvmod-hiring"
| #define VERSION "trunk"
| #define STDC_HEADERS 1
| #define HAVE_SYS_TYPES_H 1
| #define HAVE_SYS_STAT_H 1
| #define HAVE_STDLIB_H 1
| #define HAVE_STRING_H 1
| #define HAVE_MEMORY_H 1
| #define HAVE_STRINGS_H 1
| #define HAVE_INTTYPES_H 1
| #define HAVE_STDINT_H 1
| #define HAVE_UNISTD_H 1
| /* end confdefs.h.  */
| #include <stdio.h>
| #ifdef HAVE_SYS_TYPES_H
| # include <sys/types.h>
| #endif
| #ifdef HAVE_SYS_STAT_H
| # include <sys/stat.h>
| #endif
| #ifdef STDC_HEADERS
| # include <stdlib.h>
| # include <stddef.h>
| #else
| # ifdef HAVE_STDLIB_H
| #  include <stdlib.h>
| # endif
| #endif
| #ifdef HAVE_STRING_H
| # if !defined STDC_HEADERS && defined HAVE_MEMORY_H
| #  include <memory.h>
| # endif
| # include <string.h>
| #endif
| #ifdef HAVE_STRINGS_H
| # include <strings.h>
| #endif
| #ifdef HAVE_INTTYPES_H
| # include <inttypes.h>
| #endif
| #ifdef HAVE_STDINT_H
| # include <stdint.h>
| #endif
| #ifdef HAVE_UNISTD_H
| # include <unistd.h>
| #endif
| #include <minix/config.h>
configure:4442: result: no
configure:4442: checking minix/config.h presence
configure:4442: gcc -E  conftest.c
conftest.c:21:26: fatal error: minix/config.h: No such file or directory
compilation terminated.
configure:4442: $? = 1
configure: failed program was:
| /* confdefs.h */
| #define PACKAGE_NAME "libvmod-hiring"
| #define PACKAGE_TARNAME "libvmod-hiring"
| #define PACKAGE_VERSION "trunk"
| #define PACKAGE_STRING "libvmod-hiring trunk"
| #define PACKAGE_BUGREPORT ""
| #define PACKAGE_URL ""
| #define PACKAGE "libvmod-hiring"
| #define VERSION "trunk"
| #define STDC_HEADERS 1
| #define HAVE_SYS_TYPES_H 1
| #define HAVE_SYS_STAT_H 1
| #define HAVE_STDLIB_H 1
| #define HAVE_STRING_H 1
| #define HAVE_MEMORY_H 1
| #define HAVE_STRINGS_H 1
| #define HAVE_INTTYPES_H 1
| #define HAVE_STDINT_H 1
| #define HAVE_UNISTD_H 1
| /* end confdefs.h.  */
| #include <minix/config.h>
configure:4442: result: no
configure:4442: checking for minix/config.h
configure:4442: result: no
configure:4463: checking whether it is safe to define __EXTENSIONS__
configure:4481: gcc -c -g -O2  conftest.c >&5
configure:4481: $? = 0
configure:4488: result: yes
configure:4551: checking for gcc
configure:4578: result: gcc
configure:4807: checking for C compiler version
configure:4816: gcc --version >&5
gcc (Ubuntu 5.4.0-6ubuntu1~16.04.4) 5.4.0 20160609
Copyright (C) 2015 Free Software Foundation, Inc.
This is free software; see the source for copying conditions.  There is NO
warranty; not even for MERCHANTABILITY or FITNESS FOR A PARTICULAR PURPOSE.

configure:4827: $? = 0
configure:4816: gcc -v >&5
Using built-in specs.
COLLECT_GCC=gcc
COLLECT_LTO_WRAPPER=/usr/lib/gcc/x86_64-linux-gnu/5/lto-wrapper
Target: x86_64-linux-gnu
Configured with: ../src/configure -v --with-pkgversion='Ubuntu 5.4.0-6ubuntu1~16.04.4' --with-bugurl=file:///usr/share/doc/gcc-5/README.Bugs --enable-languages=c,ada,c++,java,go,d,fortran,objc,obj-c++ --prefix=/usr --program-suffix=-5 --enable-shared --enable-linker-build-id --libexecdir=/usr/lib --without-included-gettext --enable-threads=posix --libdir=/usr/lib --enable-nls --with-sysroot=/ --enable-clocale=gnu --enable-libstdcxx-debug --enable-libstdcxx-time=yes --with-default-libstdcxx-abi=new --enable-gnu-unique-object --disable-vtable-verify --enable-libmpx --enable-plugin --with-system-zlib --disable-browser-plugin --enable-java-awt=gtk --enable-gtk-cairo --with-java-home=/usr/lib/jvm/java-1.5.0-gcj-5-amd64/jre --enable-java-home --with-jvm-root-dir=/usr/lib/jvm/java-1.5.0-gcj-5-amd64 --with-jvm-jar-dir=/usr/lib/jvm-exports/java-1.5.0-gcj-5-amd64 --with-arch-directory=amd64 --with-ecj-jar=/usr/share/java/eclipse-ecj.jar --enable-objc-gc --enable-multiarch --disable-werror --with-arch-32=i686 --with-abi=m64 --with-multilib-list=m32,m64,mx32 --enable-multilib --with-tune=generic --enable-checking=release --build=x86_64-linux-gnu --host=x86_64-linux-gnu --target=x86_64-linux-gnu
Thread model: posix
gcc version 5.4.0 20160609 (Ubuntu 5.4.0-6ubuntu1~16.04.4) 
configure:4827: $? = 0
configure:4816: gcc -V >&5
gcc: error: unrecognized command line option '-V'
gcc: fatal error: no input files
compilation terminated.
configure:4827: $? = 1
configure:4816: gcc -qversion >&5
gcc: error: unrecognized command line option '-qversion'
gcc: fatal error: no input files
compilation terminated.
configure:4827: $? = 1
configure:4831: checking whether we are using the GNU C compiler
configure:4859: result: yes
configure:4868: checking whether gcc accepts -g
configure:4929: result: yes
configure:4946: checking for gcc option to accept ISO C89
configure:5022: result: none needed
configure:5047: checking whether gcc understands -c and -o together
configure:5084: result: yes
configure:5103: checking dependency style of gcc
configure:5214: result: gcc3
configure:5233: checking for gcc option to accept ISO C99
configure:5382: gcc  -c -g -O2  conftest.c >&5
configure:5382: $? = 0
configure:5395: result: none needed
configure:5503: checking for gcc option to accept ISO Standard C
configure:5514: result: none needed
configure:5529: checking how to run the C preprocessor
configure:5599: result: gcc -E
configure:5619: gcc -E  conftest.c
configure:5619: $? = 0
configure:5633: gcc -E  conftest.c
conftest.c:26:28: fatal error: ac_nonexistent.h: No such file or directory
compilation terminated.
configure:5633: $? = 1
configure: failed program was:
| /* confdefs.h */
| #define PACKAGE_NAME "libvmod-hiring"
| #define PACKAGE_TARNAME "libvmod-hiring"
| #define PACKAGE_VERSION "trunk"
| #define PACKAGE_STRING "libvmod-hiring trunk"
| #define PACKAGE_BUGREPORT ""
| #define PACKAGE_URL ""
| #define PACKAGE "libvmod-hiring"
| #define VERSION "trunk"
| #define STDC_HEADERS 1
| #define HAVE_SYS_TYPES_H 1
| #define HAVE_SYS_STAT_H 1
| #define HAVE_STDLIB_H 1
| #define HAVE_STRING_H 1
| #define HAVE_MEMORY_H 1
| #define HAVE_STRINGS_H 1
| #define HAVE_INTTYPES_H 1
| #define HAVE_STDINT_H 1
| #define HAVE_UNISTD_H 1
| #define __EXTENSIONS__ 1
| #define _ALL_SOURCE 1
| #define _GNU_SOURCE 1
| #define _POSIX_PTHREAD_SEMANTICS 1
| #define _TANDEM_SOURCE 1
| /* end confdefs.h.  */
| #include <ac_nonexistent.h>
configure:5709: checking how to print strings
configure:5736: result: printf
configure:5757: checking for a sed that does not truncate output
configure:5821: result: /bin/sed
configure:5839: checking for fgrep
configure:5901: result: /bin/grep -F
configure:5936: checking for ld used by gcc
configure:6003: result: /usr/bin/ld
configure:6010: checking if the linker (/usr/bin/ld) is GNU ld
configure:6025: result: yes
configure:6037: checking for BSD- or MS-compatible name lister (nm)
configure:6091: result: /usr/bin/nm -B
configure:6221: checking the name lister (/usr/bin/nm -B) interface
configure:6228: gcc -c -g -O2  conftest.c >&5
configure:6231: /usr/bin/nm -B "conftest.o"
configure:6234: output
0000000000000000 B some_variable
configure:6241: result: BSD nm
configure:6244: checking whether ln -s works
configure:6248: result: yes
configure:6256: checking the maximum length of command line arguments
configure:6387: result: 1572864
configure:6435: checking how to convert x86_64-pc-linux-gnu file names to x86_64-pc-linux-gnu format
configure:6475: result: func_convert_file_noop
configure:6482: checking how to convert x86_64-pc-linux-gnu file names to toolchain format
configure:6502: result: func_convert_file_noop
configure:6509: checking for /usr/bin/ld option to reload object files
configure:6516: result: -r
configure:6590: checking for objdump
configure:6606: found /usr/bin/objdump
configure:6617: result: objdump
configure:6649: checking how to recognize dependent libraries
configure:6849: result: pass_all
configure:6934: checking for dlltool
configure:6964: result: no
configure:6994: checking how to associate runtime and link libraries
configure:7021: result: printf %s\n
configure:7081: checking for ar
configure:7097: found /usr/bin/ar
configure:7108: result: ar
configure:7145: checking for archiver @FILE support
configure:7162: gcc -c -g -O2  conftest.c >&5
configure:7162: $? = 0
configure:7165: ar cru libconftest.a @conftest.lst >&5
ar: `u' modifier ignored since `D' is the default (see `U')
configure:7168: $? = 0
configure:7173: ar cru libconftest.a @conftest.lst >&5
ar: `u' modifier ignored since `D' is the default (see `U')
ar: conftest.o: No such file or directory
configure:7176: $? = 1
configure:7188: result: @
configure:7246: checking for strip
configure:7262: found /usr/bin/strip
configure:7273: result: strip
configure:7345: checking for ranlib
configure:7361: found /usr/bin/ranlib
configure:7372: result: ranlib
configure:7474: checking command to parse /usr/bin/nm -B output from gcc object
configure:7627: gcc -c -g -O2  conftest.c >&5
configure:7630: $? = 0
configure:7634: /usr/bin/nm -B conftest.o \| sed -n -e 's/^.*[ ]\([ABCDGIRSTW][ABCDGIRSTW]*\)[ ][ ]*\([_A-Za-z][_A-Za-z0-9]*\)$/\1 \2 \2/p' | sed '/ __gnu_lto/d' \> conftest.nm
configure:7637: $? = 0
configure:7703: gcc -o conftest -g -O2   conftest.c conftstm.o >&5
configure:7706: $? = 0
configure:7744: result: ok
configure:7791: checking for sysroot
configure:7821: result: no
configure:7828: checking for a working dd
configure:7866: result: /bin/dd
configure:7870: checking how to truncate binary pipes
configure:7885: result: /bin/dd bs=4096 count=1
configure:8021: gcc -c -g -O2  conftest.c >&5
configure:8024: $? = 0
configure:8214: checking for mt
configure:8230: found /bin/mt
configure:8241: result: mt
configure:8264: checking if mt is a manifest tool
configure:8270: mt '-?'
configure:8278: result: no
configure:8952: checking for dlfcn.h
configure:8952: gcc -c -g -O2  conftest.c >&5
configure:8952: $? = 0
configure:8952: result: yes
configure:9208: checking for objdir
configure:9223: result: .libs
configure:9487: checking if gcc supports -fno-rtti -fno-exceptions
configure:9505: gcc -c -g -O2  -fno-rtti -fno-exceptions conftest.c >&5
cc1: warning: command line option '-fno-rtti' is valid for C++/ObjC++ but not for C
configure:9509: $? = 0
configure:9522: result: no
configure:9880: checking for gcc option to produce PIC
configure:9887: result: -fPIC -DPIC
configure:9895: checking if gcc PIC flag -fPIC -DPIC works
configure:9913: gcc -c -g -O2  -fPIC -DPIC -DPIC conftest.c >&5
configure:9917: $? = 0
configure:9930: result: yes
configure:9959: checking if gcc static flag -static works
configure:9987: result: yes
configure:10002: checking if gcc supports -c -o file.o
configure:10023: gcc -c -g -O2  -o out/conftest2.o conftest.c >&5
configure:10027: $? = 0
configure:10049: result: yes
configure:10057: checking if gcc supports -c -o file.o
configure:10104: result: yes
configure:10137: checking whether the gcc linker (/usr/bin/ld -m elf_x86_64) supports shared libraries
configure:11400: result: yes
configure:11437: checking whether -lc should be explicitly linked in
configure:11445: gcc -c -g -O2  conftest.c >&5
configure:11448: $? = 0
configure:11463: gcc -shared  -fPIC -DPIC conftest.o  -v -Wl,-soname -Wl,conftest -o conftest 2\>\&1 \| /bin/grep  -lc  \>/dev/null 2\>\&1
configure:11466: $? = 0
configure:11480: result: no
configure:11640: checking dynamic linker characteristics
configure:12221: gcc -o conftest -g -O2   -Wl,-rpath -Wl,/foo conftest.c  >&5
configure:12221: $? = 0
configure:12470: result: GNU/Linux ld.so
configure:12592: checking how to hardcode library paths into programs
configure:12617: result: immediate
configure:13165: checking whether stripping libraries is possible
configure:13170: result: yes
configure:13205: checking if libtool supports shared libraries
configure:13207: result: yes
configure:13210: checking whether to build shared libraries
configure:13235: result: yes
configure:13238: checking whether to build static libraries
configure:13242: result: yes
configure:13279: checking whether make sets $(MAKE)
configure:13301: result: yes
configure:13316: checking for rst2man
configure:13332: found /usr/bin/rst2man
configure:13343: result: rst2man
configure:13369: checking for ANSI C header files
configure:13473: result: yes
configure:13483: checking sys/stdlib.h usability
configure:13483: gcc -c -g -O2  conftest.c >&5
conftest.c:62:24: fatal error: sys/stdlib.h: No such file or directory
compilation terminated.
configure:13483: $? = 1
configure: failed program was:
| /* confdefs.h */
| #define PACKAGE_NAME "libvmod-hiring"
| #define PACKAGE_TARNAME "libvmod-hiring"
| #define PACKAGE_VERSION "trunk"
| #define PACKAGE_STRING "libvmod-hiring trunk"
| #define PACKAGE_BUGREPORT ""
| #define PACKAGE_URL ""
| #define PACKAGE "libvmod-hiring"
| #define VERSION "trunk"
| #define STDC_HEADERS 1
| #define HAVE_SYS_TYPES_H 1
| #define HAVE_SYS_STAT_H 1
| #define HAVE_STDLIB_H 1
| #define HAVE_STRING_H 1
| #define HAVE_MEMORY_H 1
| #define HAVE_STRINGS_H 1
| #define HAVE_INTTYPES_H 1
| #define HAVE_STDINT_H 1
| #define HAVE_UNISTD_H 1
| #define __EXTENSIONS__ 1
| #define _ALL_SOURCE 1
| #define _GNU_SOURCE 1
| #define _POSIX_PTHREAD_SEMANTICS 1
| #define _TANDEM_SOURCE 1
| #define HAVE_DLFCN_H 1
| #define LT_OBJDIR ".libs/"
| #define STDC_HEADERS 1
| /* end confdefs.h.  */
| #include <stdio.h>
| #ifdef HAVE_SYS_TYPES_H
| # include <sys/types.h>
| #endif
| #ifdef HAVE_SYS_STAT_H
| # include <sys/stat.h>
| #endif
| #ifdef STDC_HEADERS
| # include <stdlib.h>
| # include <stddef.h>
| #else
| # ifdef HAVE_STDLIB_H
| #  include <stdlib.h>
| # endif
| #endif
| #ifdef HAVE_STRING_H
| # if !defined STDC_HEADERS && defined HAVE_MEMORY_H
| #  include <memory.h>
| # endif
| # include <string.h>
| #endif
| #ifdef HAVE_STRINGS_H
| # include <strings.h>
| #endif
| #ifdef HAVE_INTTYPES_H
| # include <inttypes.h>
| #endif
| #ifdef HAVE_STDINT_H
| # include <stdint.h>
| #endif
| #ifdef HAVE_UNISTD_H
| # include <unistd.h>
| #endif
| #include <sys/stdlib.h>
configure:13483: result: no
configure:13483: checking sys/stdlib.h presence
configure:13483: gcc -E  conftest.c
conftest.c:29:24: fatal error: sys/stdlib.h: No such file or directory
compilation terminated.
configure:13483: $? = 1
configure: failed program was:
| /* confdefs.h */
| #define PACKAGE_NAME "libvmod-hiring"
| #define PACKAGE_TARNAME "libvmod-hiring"
| #define PACKAGE_VERSION "trunk"
| #define PACKAGE_STRING "libvmod-hiring trunk"
| #define PACKAGE_BUGREPORT ""
| #define PACKAGE_URL ""
| #define PACKAGE "libvmod-hiring"
| #define VERSION "trunk"
| #define STDC_HEADERS 1
| #define HAVE_SYS_TYPES_H 1
| #define HAVE_SYS_STAT_H 1
| #define HAVE_STDLIB_H 1
| #define HAVE_STRING_H 1
| #define HAVE_MEMORY_H 1
| #define HAVE_STRINGS_H 1
| #define HAVE_INTTYPES_H 1
| #define HAVE_STDINT_H 1
| #define HAVE_UNISTD_H 1
| #define __EXTENSIONS__ 1
| #define _ALL_SOURCE 1
| #define _GNU_SOURCE 1
| #define _POSIX_PTHREAD_SEMANTICS 1
| #define _TANDEM_SOURCE 1
| #define HAVE_DLFCN_H 1
| #define LT_OBJDIR ".libs/"
| #define STDC_HEADERS 1
| /* end confdefs.h.  */
| #include <sys/stdlib.h>
configure:13483: result: no
configure:13483: checking for sys/stdlib.h
configure:13483: result: no
configure:13552: checking for pkg-config
configure:13570: found /usr/bin/pkg-config
configure:13582: result: /usr/bin/pkg-config
configure:13607: checking pkg-config is at least version 0.9.0
configure:13610: result: yes
configure:13620: checking for libvarnishapi
configure:13627: $PKG_CONFIG --exists --print-errors "varnishapi"
configure:13630: $? = 0
configure:13644: $PKG_CONFIG --exists --print-errors "varnishapi"
configure:13647: $? = 0
configure:13705: result: yes
configure:13714: $PKG_CONFIG --exists --print-errors "varnishapi"
configure:13717: $? = 0
configure:13737: $PKG_CONFIG --exists --print-errors "varnishapi"
configure:13740: $? = 0
configure:13760: $PKG_CONFIG --exists --print-errors "varnishapi"
configure:13763: $? = 0
configure:13783: $PKG_CONFIG --exists --print-errors "varnishapi"
configure:13786: $? = 0
configure:13809: $PKG_CONFIG --exists --print-errors "varnishapi"
configure:13812: $? = 0
configure:13845: $PKG_CONFIG --exists --print-errors "varnishapi"
configure:13848: $? = 0
configure:13872: checking vsha256.h usability
configure:13872: gcc -c -g -O2 -I/usr/include/varnish  conftest.c >&5
configure:13872: $? = 0
configure:13872: result: yes
configure:13872: checking vsha256.h presence
configure:13872: gcc -E -I/usr/include/varnish  conftest.c
configure:13872: $? = 0
configure:13872: result: yes
configure:13872: checking for vsha256.h
configure:13872: result: yes
configure:13872: checking cache/cache.h usability
configure:13872: gcc -c -g -O2 -I/usr/include/varnish  conftest.c >&5
configure:13872: $? = 0
configure:13872: result: yes
configure:13872: checking cache/cache.h presence
configure:13872: gcc -E -I/usr/include/varnish  conftest.c
configure:13872: $? = 0
configure:13872: result: yes
configure:13872: checking for cache/cache.h
configure:13872: result: yes
configure:13893: $PKG_CONFIG --exists --print-errors "varnishapi"
configure:13896: $? = 0
configure:13921: checking for python3
configure:13937: found /usr/bin/python3
configure:13948: result: python3
configure:13970: $PKG_CONFIG --exists --print-errors "varnishapi"
configure:13973: $? = 0
configure:13999: checking for varnishtest
configure:14018: found /usr/bin/varnishtest
configure:14030: result: /usr/bin/varnishtest
configure:14040: checking for varnishd
configure:14059: found /usr/sbin/varnishd
configure:14071: result: /usr/sbin/varnishd
configure:14190: checking that generated files are newer than configure
configure:14196: result: done
configure:14227: creating ./config.status

## ---------------- ##
## Cache variables. ##
## ---------------- ##

ac_cv_build=x86_64-pc-linux-gnu
ac_cv_c_compiler_gnu=yes
ac_cv_env_CC_set=
ac_cv_env_CC_value=
ac_cv_env_CFLAGS_set=
ac_cv_env_CFLAGS_value=
ac_cv_env_CPPFLAGS_set=
ac_cv_env_CPPFLAGS_value=
ac_cv_env_CPP_set=
ac_cv_env_CPP_value=
ac_cv_env_LDFLAGS_set=
ac_cv_env_LDFLAGS_value=
ac_cv_env_LIBS_set=
ac_cv_env_LIBS_value=
ac_cv_env_LIBVARNISHAPI_BINDIR_set=
ac_cv_env_LIBVARNISHAPI_BINDIR_value=
ac_cv_env_LIBVARNISHAPI_DATAROOTDIR_set=
ac_cv_env_LIBVARNISHAPI_DATAROOTDIR_value=
ac_cv_env_LIBVARNISHAPI_PREFIX_set=
ac_cv_env_LIBVARNISHAPI_PREFIX_value=
ac_cv_env_LIBVARNISHAPI_SBINDIR_set=
ac_cv_env_LIBVARNISHAPI_SBINDIR_value=
ac_cv_env_LT_SYS_LIBRARY_PATH_set=
ac_cv_env_LT_SYS_LIBRARY_PATH_value=
ac_cv_env_PKG_CONFIG_LIBDIR_set=
ac_cv_env_PKG_CONFIG_LIBDIR_value=
ac_cv_env_PKG_CONFIG_PATH_set=
ac_cv_env_PKG_CONFIG_PATH_value=
ac_cv_env_PKG_CONFIG_set=
ac_cv_env_PKG_CONFIG_value=
ac_cv_env_build_alias_set=
ac_cv_env_build_alias_value=
ac_cv_env_host_alias_set=
ac_cv_env_host_alias_value=
ac_cv_env_libvarnishapi_CFLAGS_set=
ac_cv_env_libvarnishapi_CFLAGS_value=
ac_cv_env_libvarnishapi_LIBS_set=
ac_cv_env_libvarnishapi_LIBS_value=
ac_cv_env_target_alias_set=
ac_cv_env_target_alias_value=
ac_cv_header_cache_cache_h=yes
ac_cv_header_dlfcn_h=yes
ac_cv_header_inttypes_h=yes
ac_cv_header_memory_h=yes
ac_cv_header_minix_config_h=no
ac_cv_header_stdc=yes
ac_cv_header_stdint_h=yes
ac_cv_header_stdlib_h=yes
ac_cv_header_string_h=yes
ac_cv_header_strings_h=yes
ac_cv_header_sys_stat_h=yes
ac_cv_header_sys_stdlib_h=no
ac_cv_header_sys_types_h=yes
ac_cv_header_unistd_h=yes
ac_cv_header_vsha256_h=yes
ac_cv_host=x86_64-pc-linux-gnu
ac_cv_objext=o
ac_cv_path_EGREP='/bin/grep -E'
ac_cv_path_FGREP='/bin/grep -F'
ac_cv_path_GREP=/bin/grep
ac_cv_path_SED=/bin/sed
ac_cv_path_VARNISHD=/usr/sbin/varnishd
ac_cv_path_VARNISHTEST=/usr/bin/varnishtest
ac_cv_path_ac_pt_PKG_CONFIG=/usr/bin/pkg-config
ac_cv_path_install='/usr/bin/install -c'
ac_cv_path_lt_DD=/bin/dd
ac_cv_path_mkdir=/bin/mkdir
ac_cv_prog_AWK=mawk
ac_cv_prog_CPP='gcc -E'
ac_cv_prog_PYTHON=python3
ac_cv_prog_RST2MAN=rst2man
ac_cv_prog_ac_ct_AR=ar
ac_cv_prog_ac_ct_CC=gcc
ac_cv_prog_ac_ct_MANIFEST_TOOL=mt
ac_cv_prog_ac_ct_OBJDUMP=objdump
ac_cv_prog_ac_ct_RANLIB=ranlib
ac_cv_prog_ac_ct_STRIP=strip
ac_cv_prog_cc_c89=
ac_cv_prog_cc_c99=
ac_cv_prog_cc_g=yes
ac_cv_prog_cc_stdc=
ac_cv_prog_make_make_set=yes
ac_cv_safe_to_define___extensions__=yes
ac_cv_target=x86_64-pc-linux-gnu
am_cv_CC_dependencies_compiler_type=gcc3
am_cv_make_support_nested_variables=yes
am_cv_prog_cc_c_o=yes
lt_cv_ar_at_file=@
lt_cv_archive_cmds_need_lc=no
lt_cv_deplibs_check_method=pass_all
lt_cv_file_magic_cmd='$MAGIC_CMD'
lt_cv_file_magic_test_file=
lt_cv_ld_reload_flag=-r
lt_cv_nm_interface='BSD nm'
lt_cv_objdir=.libs
lt_cv_path_LD=/usr/bin/ld
lt_cv_path_NM='/usr/bin/nm -B'
lt_cv_path_mainfest_tool=no
lt_cv_prog_compiler_c_o=yes
lt_cv_prog_compiler_pic='-fPIC -DPIC'
lt_cv_prog_compiler_pic_works=yes
lt_cv_prog_compiler_rtti_exceptions=no
lt_cv_prog_compiler_static_works=yes
lt_cv_prog_gnu_ld=yes
lt_cv_sharedlib_from_linklib_cmd='printf %s\n'
lt_cv_shlibpath_overrides_runpath=no
lt_cv_sys_global_symbol_pipe='sed -n -e '\''s/^.*[	 ]\([ABCDGIRSTW][ABCDGIRSTW]*\)[	 ][	 ]*\([_A-Za-z][_A-Za-z0-9]*\)$/\1 \2 \2/p'\'' | sed '\''/ __gnu_lto/d'\'''
lt_cv_sys_global_symbol_to_c_name_address='sed -n -e '\''s/^: \(.*\) .*$/  {"\1", (void *) 0},/p'\'' -e '\''s/^[ABCDGIRSTW][ABCDGIRSTW]* .* \(.*\)$/  {"\1", (void *) \&\1},/p'\'''
lt_cv_sys_global_symbol_to_c_name_address_lib_prefix='sed -n -e '\''s/^: \(.*\) .*$/  {"\1", (void *) 0},/p'\'' -e '\''s/^[ABCDGIRSTW][ABCDGIRSTW]* .* \(lib.*\)$/  {"\1", (void *) \&\1},/p'\'' -e '\''s/^[ABCDGIRSTW][ABCDGIRSTW]* .* \(.*\)$/  {"lib\1", (void *) \&\1},/p'\'''
lt_cv_sys_global_symbol_to_cdecl='sed -n -e '\''s/^T .* \(.*\)$/extern int \1();/p'\'' -e '\''s/^[ABCDGIRSTW][ABCDGIRSTW]* .* \(.*\)$/extern char \1;/p'\'''
lt_cv_sys_global_symbol_to_import=
lt_cv_sys_max_cmd_len=1572864
lt_cv_to_host_file_cmd=func_convert_file_noop
lt_cv_to_tool_file_cmd=func_convert_file_noop
lt_cv_truncate_bin='/bin/dd bs=4096 count=1'
pkg_cv_LIBVARNISHAPI_BINDIR=/usr/bin
pkg_cv_LIBVARNISHAPI_DATAROOTDIR=/usr/share
pkg_cv_LIBVARNISHAPI_PREFIX=/usr
pkg_cv_LIBVARNISHAPI_SBINDIR=/usr/sbin
pkg_cv_VAPI_INCLUDE_DIR=/usr/include/varnish
pkg_cv_VMODTOOL=/usr/share/varnish/vmodtool.py
pkg_cv_VMOD_DIR=/usr/lib/varnish/vmods
pkg_cv_libvarnishapi_CFLAGS=-I/usr/include/varnish
pkg_cv_libvarnishapi_LIBS=-lvarnishapi

## ----------------- ##
## Output variables. ##
## ----------------- ##

ACLOCAL='${SHELL} /home/suraj/Downloads/libvmod-hiring/missing aclocal-1.15'
AMDEPBACKSLASH='\'
AMDEP_FALSE='#'
AMDEP_TRUE=''
AMTAR='$${TAR-tar}'
AM_BACKSLASH='\'
AM_DEFAULT_V='$(AM_DEFAULT_VERBOSITY)'
AM_DEFAULT_VERBOSITY='1'
AM_V='$(V)'
AR='ar'
AUTOCONF='${SHELL} /home/suraj/Downloads/libvmod-hiring/missing autoconf'
AUTOHEADER='${SHELL} /home/suraj/Downloads/libvmod-hiring/missing autoheader'
AUTOMAKE='${SHELL} /home/suraj/Downloads/libvmod-hiring/missing automake-1.15'
AWK='mawk'
CC='gcc'
CCDEPMODE='depmode=gcc3'
CFLAGS='-g -O2'
CPP='gcc -E'
CPPFLAGS=''
CYGPATH_W='echo'
DEFS='-DHAVE_CONFIG_H'
DEPDIR='.deps'
DLLTOOL='false'
DSYMUTIL=''
DUMPBIN=''
ECHO_C=''
ECHO_N='-n'
ECHO_T=''
EGREP='/bin/grep -E'
EXEEXT=''
FGREP='/bin/grep -F'
GREP='/bin/grep'
HAVE_RST2MAN_FALSE='#'
HAVE_RST2MAN_TRUE=''
INSTALL_DATA='${INSTALL} -m 644'
INSTALL_PROGRAM='${INSTALL}'
INSTALL_SCRIPT='${INSTALL}'
INSTALL_STRIP_PROGRAM='$(install_sh) -c -s'
LD='/usr/bin/ld -m elf_x86_64'
LDFLAGS=''
LIBOBJS=''
LIBS=''
LIBTOOL='$(SHELL) $(top_builddir)/libtool'
LIBVARNISHAPI_BINDIR='/usr/bin'
LIBVARNISHAPI_DATAROOTDIR='/usr/share'
LIBVARNISHAPI_PREFIX='/usr'
LIBVARNISHAPI_SBINDIR='/usr/sbin'
LIPO=''
LN_S='ln -s'
LTLIBOBJS=''
LT_SYS_LIBRARY_PATH=''
MAKEINFO='${SHELL} /home/suraj/Downloads/libvmod-hiring/missing makeinfo'
MANIFEST_TOOL=':'
MKDIR_P='/bin/mkdir -p'
NM='/usr/bin/nm -B'
NMEDIT=''
OBJDUMP='objdump'
OBJEXT='o'
OTOOL64=''
OTOOL=''
PACKAGE='libvmod-hiring'
PACKAGE_BUGREPORT=''
PACKAGE_NAME='libvmod-hiring'
PACKAGE_STRING='libvmod-hiring trunk'
PACKAGE_TARNAME='libvmod-hiring'
PACKAGE_URL=''
PACKAGE_VERSION='trunk'
PATH_SEPARATOR=':'
PKG_CONFIG='/usr/bin/pkg-config'
PKG_CONFIG_LIBDIR=''
PKG_CONFIG_PATH=''
PYTHON='python3'
RANLIB='ranlib'
RST2MAN='rst2man'
SED='/bin/sed'
SET_MAKE=''
SHELL='/bin/bash'
STRIP='strip'
VARNISHD='/usr/sbin/varnishd'
VARNISHTEST='/usr/bin/varnishtest'
VERSION='trunk'
VMODTOOL='/usr/share/varnish/vmodtool.py'
VMOD_DIR='/usr/lib/varnish/vmods'
VMOD_INCLUDES='-I/usr/include/varnish'
ac_ct_AR='ar'
ac_ct_CC='gcc'
ac_ct_DUMPBIN=''
am__EXEEXT_FALSE=''
am__EXEEXT_TRUE='#'
am__fastdepCC_FALSE='#'
am__fastdepCC_TRUE=''
am__include='include'
am__isrc=''
am__leading_dot='.'
am__nodep='_no'
am__quote=''
am__tar='$${TAR-tar} chof - "$$tardir"'
am__untar='$${TAR-tar} xf -'
bindir='${exec_prefix}/bin'
build='x86_64-pc-linux-gnu'
build_alias=''
build_cpu='x86_64'
build_os='linux-gnu'
build_vendor='pc'
datadir='${datarootdir}'
datarootdir='${prefix}/share'
docdir='${datarootdir}/doc/${PACKAGE_TARNAME}'
dvidir='${docdir}'
exec_prefix='${prefix}'
host='x86_64-pc-linux-gnu'
host_alias=''
host_cpu='x86_64'
host_os='linux-gnu'
host_vendor='pc'
htmldir='${docdir}'
includedir='${prefix}/include'
infodir='${datarootdir}/info'
install_sh='${SHELL} /home/suraj/Downloads/libvmod-hiring/install-sh'
libdir='${exec_prefix}/lib'
libexecdir='${exec_prefix}/libexec'
libvarnishapi_CFLAGS='-I/usr/include/varnish'
libvarnishapi_LIBS='-lvarnishapi'
localedir='${datarootdir}/locale'
localstatedir='${prefix}/var'
mandir='${datarootdir}/man'
mkdir_p='$(MKDIR_P)'
oldincludedir='/usr/include'
pdfdir='${docdir}'
prefix='/usr'
program_transform_name='s,x,x,'
psdir='${docdir}'
runstatedir='${localstatedir}/run'
sbindir='${exec_prefix}/sbin'
sharedstatedir='${prefix}/com'
sysconfdir='${prefix}/etc'
target='x86_64-pc-linux-gnu'
target_alias=''
target_cpu='x86_64'
target_os='linux-gnu'
target_vendor='pc'

## ----------- ##
## confdefs.h. ##
## ----------- ##

/* confdefs.h */
#define PACKAGE_NAME "libvmod-hiring"
#define PACKAGE_TARNAME "libvmod-hiring"
#define PACKAGE_VERSION "trunk"
#define PACKAGE_STRING "libvmod-hiring trunk"
#define PACKAGE_BUGREPORT ""
#define PACKAGE_URL ""
#define PACKAGE "libvmod-hiring"
#define VERSION "trunk"
#define STDC_HEADERS 1
#define HAVE_SYS_TYPES_H 1
#define HAVE_SYS_STAT_H 1
#define HAVE_STDLIB_H 1
#define HAVE_STRING_H 1
#define HAVE_MEMORY_H 1
#define HAVE_STRINGS_H 1
#define HAVE_INTTYPES_H 1
#define HAVE_STDINT_H 1
#define HAVE_UNISTD_H 1
#define __EXTENSIONS__ 1
#define _ALL_SOURCE 1
#define _GNU_SOURCE 1
#define _POSIX_PTHREAD_SEMANTICS 1
#define _TANDEM_SOURCE 1
#define HAVE_DLFCN_H 1
#define LT_OBJDIR ".libs/"
#define STDC_HEADERS 1
#define HAVE_VSHA256_H 1
#define HAVE_CACHE_CACHE_H 1

configure: exit 0

## ---------------------- ##
## Running config.status. ##
## ---------------------- ##

This file was extended by libvmod-hiring config.status trunk, which was
generated by GNU Autoconf 2.69.  Invocation command line was

  CONFIG_FILES    = 
  CONFIG_HEADERS  = 
  CONFIG_LINKS    = 
  CONFIG_COMMANDS = 
  $ ./config.status 

on ubuntu

config.status:1115: creating Makefile
config.status:1115: creating src/Makefile
config.status:1115: creating config.h
config.status:1296: config.h is unchanged
config.status:1344: executing depfiles commands
config.status:1344: executing libtool commands

## ---------------------- ##
## Running config.status. ##
## ---------------------- ##

This file was extended by libvmod-hiring config.status trunk, which was
generated by GNU Autoconf 2.69.  Invocation command line was

  CONFIG_FILES    = 
  CONFIG_HEADERS  = 
  CONFIG_LINKS    = 
  CONFIG_COMMANDS = 
  $ ./config.status config.h

on ubuntu

config.status:1115: creating config.h
config.status:1296: config.h is unchanged
